<?xml version="1.0" encoding="UTF-8"?>
<testng-results ignored="0" total="1" passed="1" failed="0" skipped="0">
  <reporter-output>
  </reporter-output>
  <suite started-at="2022-11-22T20:51:08 AST" name="Default suite" finished-at="2022-11-22T20:51:20 AST" duration-ms="11457">
    <groups>
    </groups>
    <test started-at="2022-11-22T20:51:08 AST" name="Default test" finished-at="2022-11-22T20:51:20 AST" duration-ms="11457">
      <class name="com.stc7c7.testcases.LoginTest">
        <test-method is-config="true" signature="startApp()[pri:0, instance:com.stc7c7.testcases.LoginTest@77eca502]" started-at="2022-11-22T20:51:08 AST" name="startApp" finished-at="2022-11-22T20:51:15 AST" duration-ms="6684" status="PASS">
          <reporter-output>
          </reporter-output>
        </test-method> <!-- startApp -->
        <test-method signature="validateLogin()[pri:0, instance:com.stc7c7.testcases.LoginTest@77eca502]" started-at="2022-11-22T20:51:15 AST" name="validateLogin" finished-at="2022-11-22T20:51:19 AST" duration-ms="3944" status="PASS">
          <reporter-output>
          </reporter-output>
        </test-method> <!-- validateLogin -->
        <test-method is-config="true" signature="captureScreen(org.testng.ITestResult)[pri:0, instance:com.stc7c7.testcases.LoginTest@77eca502]" started-at="2022-11-22T20:51:19 AST" name="captureScreen" finished-at="2022-11-22T20:51:20 AST" duration-ms="495" status="PASS">
          <params>
            <param index="0">
              <value>
                <![CDATA[[TestResult name=validateLogin status=SUCCESS method=LoginTest.validateLogin()[pri:0, instance:com.stc7c7.testcases.LoginTest@77eca502] output={null}]]]>
              </value>
            </param>
          </params>
          <reporter-output>
          </reporter-output>
        </test-method> <!-- captureScreen -->
        <test-method is-config="true" signature="quitApp()[pri:0, instance:com.stc7c7.testcases.LoginTest@77eca502]" started-at="2022-11-22T20:51:20 AST" name="quitApp" finished-at="2022-11-22T20:51:20 AST" duration-ms="302" status="PASS">
          <reporter-output>
          </reporter-output>
        </test-method> <!-- quitApp -->
      </class> <!-- com.stc7c7.testcases.LoginTest -->
    </test> <!-- Default test -->
  </suite> <!-- Default suite -->
</testng-results>
