<?xml version="1.0" encoding="UTF-8"?>
<testng-results ignored="0" total="1" passed="1" failed="0" skipped="0">
  <reporter-output>
  </reporter-output>
  <suite started-at="2022-11-20T11:13:53 AST" name="Default suite" finished-at="2022-11-20T11:14:27 AST" duration-ms="33624">
    <groups>
    </groups>
    <test started-at="2022-11-20T11:13:53 AST" name="Default test" finished-at="2022-11-20T11:14:27 AST" duration-ms="33624">
      <class name="com.stc7c7.testcases.LoginTest">
        <test-method is-config="true" signature="startApp()[pri:0, instance:com.stc7c7.testcases.LoginTest@77eca502]" started-at="2022-11-20T11:13:53 AST" name="startApp" finished-at="2022-11-20T11:14:21 AST" duration-ms="27832" status="PASS">
          <reporter-output>
          </reporter-output>
        </test-method> <!-- startApp -->
        <test-method signature="validateLogin()[pri:0, instance:com.stc7c7.testcases.LoginTest@77eca502]" started-at="2022-11-20T11:14:21 AST" name="validateLogin" finished-at="2022-11-20T11:14:26 AST" duration-ms="5126" status="PASS">
          <reporter-output>
          </reporter-output>
        </test-method> <!-- validateLogin -->
        <test-method is-config="true" signature="captureScreen(org.testng.ITestResult)[pri:0, instance:com.stc7c7.testcases.LoginTest@77eca502]" started-at="2022-11-20T11:14:26 AST" name="captureScreen" finished-at="2022-11-20T11:14:27 AST" duration-ms="596" status="PASS">
          <params>
            <param index="0">
              <value>
                <![CDATA[[TestResult name=validateLogin status=SUCCESS method=LoginTest.validateLogin()[pri:0, instance:com.stc7c7.testcases.LoginTest@77eca502] output={null}]]]>
              </value>
            </param>
          </params>
          <reporter-output>
          </reporter-output>
        </test-method> <!-- captureScreen -->
        <test-method is-config="true" signature="quitApp()[pri:0, instance:com.stc7c7.testcases.LoginTest@77eca502]" started-at="2022-11-20T11:14:27 AST" name="quitApp" finished-at="2022-11-20T11:14:27 AST" duration-ms="0" status="PASS">
          <reporter-output>
          </reporter-output>
        </test-method> <!-- quitApp -->
      </class> <!-- com.stc7c7.testcases.LoginTest -->
    </test> <!-- Default test -->
  </suite> <!-- Default suite -->
</testng-results>
